<?xml version="1.0" encoding="UTF-8"?>
<testsuite name="com.bachelor.backend.domain.FeedServiceTest" tests="7" skipped="0" failures="0" errors="0" timestamp="2022-05-11T06:10:42" hostname="LAPTOP-QVC60LIH" time="0.021">
  <properties/>
  <testcase name="user_should_be_able_to_post_comment_under_other_comments()" classname="com.bachelor.backend.domain.FeedServiceTest" time="0.003"/>
  <testcase name="user_should_be_able_to_get_posts_from_challenge()" classname="com.bachelor.backend.domain.FeedServiceTest" time="0.003"/>
  <testcase name="group_founder_should_be_able_to_create_group_post()" classname="com.bachelor.backend.domain.FeedServiceTest" time="0.002"/>
  <testcase name="user_should_get_posts_from_all_his_groups()" classname="com.bachelor.backend.domain.FeedServiceTest" time="0.002"/>
  <testcase name="user_should_be_able_to_post_comment_under_the_post()" classname="com.bachelor.backend.domain.FeedServiceTest" time="0.002"/>
  <testcase name="user_should_be_able_to_get_posts_from_specific_group()" classname="com.bachelor.backend.domain.FeedServiceTest" time="0.003"/>
  <testcase name="user_should_be_able_to_create_post_in_group()" classname="com.bachelor.backend.domain.FeedServiceTest" time="0.002"/>
  <system-out><![CDATA[2022-05-11 09:10:42.419  INFO 13036 --- [    Test worker] .b.t.c.SpringBootTestContextBootstrapper : Neither @ContextConfiguration nor @ContextHierarchy found for test class [com.bachelor.backend.domain.FeedServiceTest], using SpringBootContextLoader
2022-05-11 09:10:42.420  INFO 13036 --- [    Test worker] o.s.t.c.support.AbstractContextLoader    : Could not detect default resource locations for test class [com.bachelor.backend.domain.FeedServiceTest]: no resource found for suffixes {-context.xml, Context.groovy}.
2022-05-11 09:10:42.420  INFO 13036 --- [    Test worker] t.c.s.AnnotationConfigContextLoaderUtils : Could not detect default configuration classes for test class [com.bachelor.backend.domain.FeedServiceTest]: FeedServiceTest does not declare any static, non-private, non-final, nested classes annotated with @Configuration.
2022-05-11 09:10:42.421  INFO 13036 --- [    Test worker] .b.t.c.SpringBootTestContextBootstrapper : Found @SpringBootConfiguration com.bachelor.backend.BackendApplication for test class com.bachelor.backend.domain.FeedServiceTest
2022-05-11 09:10:42.422  INFO 13036 --- [    Test worker] .b.t.c.SpringBootTestContextBootstrapper : Loaded default TestExecutionListener class names from location [META-INF/spring.factories]: [org.springframework.security.test.context.support.WithSecurityContextTestExecutionListener, org.springframework.security.test.context.support.ReactorContextTestExecutionListener, org.springframework.boot.test.autoconfigure.restdocs.RestDocsTestExecutionListener, org.springframework.boot.test.autoconfigure.web.client.MockRestServiceServerResetTestExecutionListener, org.springframework.boot.test.autoconfigure.web.servlet.MockMvcPrintOnlyOnFailureTestExecutionListener, org.springframework.boot.test.autoconfigure.web.servlet.WebDriverTestExecutionListener, org.springframework.boot.test.autoconfigure.webservices.client.MockWebServiceServerTestExecutionListener, org.springframework.boot.test.mock.mockito.MockitoTestExecutionListener, org.springframework.boot.test.mock.mockito.ResetMocksTestExecutionListener, org.springframework.test.context.web.ServletTestExecutionListener, org.springframework.test.context.support.DirtiesContextBeforeModesTestExecutionListener, org.springframework.test.context.event.ApplicationEventsTestExecutionListener, org.springframework.test.context.support.DependencyInjectionTestExecutionListener, org.springframework.test.context.support.DirtiesContextTestExecutionListener, org.springframework.test.context.transaction.TransactionalTestExecutionListener, org.springframework.test.context.jdbc.SqlScriptsTestExecutionListener, org.springframework.test.context.event.EventPublishingTestExecutionListener]
2022-05-11 09:10:42.423  INFO 13036 --- [    Test worker] .b.t.c.SpringBootTestContextBootstrapper : Using TestExecutionListeners: [org.springframework.test.context.web.ServletTestExecutionListener@2dc77962, org.springframework.test.context.support.DirtiesContextBeforeModesTestExecutionListener@32bae609, org.springframework.test.context.event.ApplicationEventsTestExecutionListener@106b476a, org.springframework.boot.test.mock.mockito.MockitoTestExecutionListener@6dde913e, org.springframework.boot.test.autoconfigure.SpringBootDependencyInjectionTestExecutionListener@7b44e98e, org.springframework.test.context.support.DirtiesContextTestExecutionListener@1e2bc241, org.springframework.test.context.transaction.TransactionalTestExecutionListener@543196f9, org.springframework.test.context.jdbc.SqlScriptsTestExecutionListener@4d7fba20, org.springframework.security.test.context.support.WithSecurityContextTestExecutionListener@112b3298, org.springframework.test.context.event.EventPublishingTestExecutionListener@51d2d336, org.springframework.security.test.context.support.ReactorContextTestExecutionListener@90c01ab, org.springframework.boot.test.autoconfigure.restdocs.RestDocsTestExecutionListener@39921410, org.springframework.boot.test.autoconfigure.web.client.MockRestServiceServerResetTestExecutionListener@71e55e48, org.springframework.boot.test.autoconfigure.web.servlet.MockMvcPrintOnlyOnFailureTestExecutionListener@36696821, org.springframework.boot.test.autoconfigure.web.servlet.WebDriverTestExecutionListener@5f01361e, org.springframework.boot.test.autoconfigure.webservices.client.MockWebServiceServerTestExecutionListener@769a9b7a, org.springframework.boot.test.mock.mockito.ResetMocksTestExecutionListener@2d568cff]
]]></system-out>
  <system-err><![CDATA[]]></system-err>
</testsuite>
