<?xml version="1.0" encoding="UTF-8"?>
<testsuite name="com.bachelor.backend.domain.UserServiceTest" tests="2" skipped="0" failures="0" errors="0" timestamp="2022-05-11T06:10:42" hostname="LAPTOP-QVC60LIH" time="0.008">
  <properties/>
  <testcase name="user_should_be_able_to_get_all_his_groups()" classname="com.bachelor.backend.domain.UserServiceTest" time="0.004"/>
  <testcase name="user_should_be_able_to_get_all_his_challenges()" classname="com.bachelor.backend.domain.UserServiceTest" time="0.004"/>
  <system-out><![CDATA[2022-05-11 09:10:42.482  INFO 13036 --- [    Test worker] .b.t.c.SpringBootTestContextBootstrapper : Neither @ContextConfiguration nor @ContextHierarchy found for test class [com.bachelor.backend.domain.UserServiceTest], using SpringBootContextLoader
2022-05-11 09:10:42.483  INFO 13036 --- [    Test worker] o.s.t.c.support.AbstractContextLoader    : Could not detect default resource locations for test class [com.bachelor.backend.domain.UserServiceTest]: no resource found for suffixes {-context.xml, Context.groovy}.
2022-05-11 09:10:42.483  INFO 13036 --- [    Test worker] t.c.s.AnnotationConfigContextLoaderUtils : Could not detect default configuration classes for test class [com.bachelor.backend.domain.UserServiceTest]: UserServiceTest does not declare any static, non-private, non-final, nested classes annotated with @Configuration.
2022-05-11 09:10:42.484  INFO 13036 --- [    Test worker] .b.t.c.SpringBootTestContextBootstrapper : Found @SpringBootConfiguration com.bachelor.backend.BackendApplication for test class com.bachelor.backend.domain.UserServiceTest
2022-05-11 09:10:42.485  INFO 13036 --- [    Test worker] .b.t.c.SpringBootTestContextBootstrapper : Loaded default TestExecutionListener class names from location [META-INF/spring.factories]: [org.springframework.security.test.context.support.WithSecurityContextTestExecutionListener, org.springframework.security.test.context.support.ReactorContextTestExecutionListener, org.springframework.boot.test.autoconfigure.restdocs.RestDocsTestExecutionListener, org.springframework.boot.test.autoconfigure.web.client.MockRestServiceServerResetTestExecutionListener, org.springframework.boot.test.autoconfigure.web.servlet.MockMvcPrintOnlyOnFailureTestExecutionListener, org.springframework.boot.test.autoconfigure.web.servlet.WebDriverTestExecutionListener, org.springframework.boot.test.autoconfigure.webservices.client.MockWebServiceServerTestExecutionListener, org.springframework.boot.test.mock.mockito.MockitoTestExecutionListener, org.springframework.boot.test.mock.mockito.ResetMocksTestExecutionListener, org.springframework.test.context.web.ServletTestExecutionListener, org.springframework.test.context.support.DirtiesContextBeforeModesTestExecutionListener, org.springframework.test.context.event.ApplicationEventsTestExecutionListener, org.springframework.test.context.support.DependencyInjectionTestExecutionListener, org.springframework.test.context.support.DirtiesContextTestExecutionListener, org.springframework.test.context.transaction.TransactionalTestExecutionListener, org.springframework.test.context.jdbc.SqlScriptsTestExecutionListener, org.springframework.test.context.event.EventPublishingTestExecutionListener]
2022-05-11 09:10:42.485  INFO 13036 --- [    Test worker] .b.t.c.SpringBootTestContextBootstrapper : Using TestExecutionListeners: [org.springframework.test.context.web.ServletTestExecutionListener@702432cc, org.springframework.test.context.support.DirtiesContextBeforeModesTestExecutionListener@5039c2cf, org.springframework.test.context.event.ApplicationEventsTestExecutionListener@355b4c34, org.springframework.boot.test.mock.mockito.MockitoTestExecutionListener@5ca006ac, org.springframework.boot.test.autoconfigure.SpringBootDependencyInjectionTestExecutionListener@dc3eda6, org.springframework.test.context.support.DirtiesContextTestExecutionListener@1372696b, org.springframework.test.context.transaction.TransactionalTestExecutionListener@7ca7bddd, org.springframework.test.context.jdbc.SqlScriptsTestExecutionListener@206e5183, org.springframework.security.test.context.support.WithSecurityContextTestExecutionListener@325236f5, org.springframework.test.context.event.EventPublishingTestExecutionListener@32eb38e5, org.springframework.security.test.context.support.ReactorContextTestExecutionListener@73633230, org.springframework.boot.test.autoconfigure.restdocs.RestDocsTestExecutionListener@21539796, org.springframework.boot.test.autoconfigure.web.client.MockRestServiceServerResetTestExecutionListener@215f8d7, org.springframework.boot.test.autoconfigure.web.servlet.MockMvcPrintOnlyOnFailureTestExecutionListener@69d2c460, org.springframework.boot.test.autoconfigure.web.servlet.WebDriverTestExecutionListener@34a99d8, org.springframework.boot.test.autoconfigure.webservices.client.MockWebServiceServerTestExecutionListener@3e984100, org.springframework.boot.test.mock.mockito.ResetMocksTestExecutionListener@13e6c544]
]]></system-out>
  <system-err><![CDATA[]]></system-err>
</testsuite>
