<?xml version="1.0" encoding="UTF-8"?>
<testsuite name="com.bachelor.backend.BackendApplicationTests" tests="1" skipped="0" failures="0" errors="0" timestamp="2022-05-11T06:10:39" hostname="LAPTOP-QVC60LIH" time="0.336">
  <properties/>
  <testcase name="contextLoads()" classname="com.bachelor.backend.BackendApplicationTests" time="0.336"/>
  <system-out><![CDATA[09:10:36.280 [Test worker] DEBUG org.springframework.test.context.BootstrapUtils - Instantiating CacheAwareContextLoaderDelegate from class [org.springframework.test.context.cache.DefaultCacheAwareContextLoaderDelegate]
09:10:36.288 [Test worker] DEBUG org.springframework.test.context.BootstrapUtils - Instantiating BootstrapContext using constructor [public org.springframework.test.context.support.DefaultBootstrapContext(java.lang.Class,org.springframework.test.context.CacheAwareContextLoaderDelegate)]
09:10:36.313 [Test worker] DEBUG org.springframework.test.context.BootstrapUtils - Instantiating TestContextBootstrapper for test class [com.bachelor.backend.BackendApplicationTests] from class [org.springframework.boot.test.context.SpringBootTestContextBootstrapper]
09:10:36.321 [Test worker] INFO org.springframework.boot.test.context.SpringBootTestContextBootstrapper - Neither @ContextConfiguration nor @ContextHierarchy found for test class [com.bachelor.backend.BackendApplicationTests], using SpringBootContextLoader
09:10:36.324 [Test worker] DEBUG org.springframework.test.context.support.AbstractContextLoader - Did not detect default resource location for test class [com.bachelor.backend.BackendApplicationTests]: class path resource [com/bachelor/backend/BackendApplicationTests-context.xml] does not exist
09:10:36.324 [Test worker] DEBUG org.springframework.test.context.support.AbstractContextLoader - Did not detect default resource location for test class [com.bachelor.backend.BackendApplicationTests]: class path resource [com/bachelor/backend/BackendApplicationTestsContext.groovy] does not exist
09:10:36.324 [Test worker] INFO org.springframework.test.context.support.AbstractContextLoader - Could not detect default resource locations for test class [com.bachelor.backend.BackendApplicationTests]: no resource found for suffixes {-context.xml, Context.groovy}.
09:10:36.324 [Test worker] INFO org.springframework.test.context.support.AnnotationConfigContextLoaderUtils - Could not detect default configuration classes for test class [com.bachelor.backend.BackendApplicationTests]: BackendApplicationTests does not declare any static, non-private, non-final, nested classes annotated with @Configuration.
09:10:36.358 [Test worker] DEBUG org.springframework.test.context.support.ActiveProfilesUtils - Could not find an 'annotation declaring class' for annotation type [org.springframework.test.context.ActiveProfiles] and class [com.bachelor.backend.BackendApplicationTests]
09:10:36.403 [Test worker] DEBUG org.springframework.context.annotation.ClassPathScanningCandidateComponentProvider - Identified candidate component class: file [C:\Users\lotro\Documents\VGTU\BD\backend\build\classes\java\main\com\bachelor\backend\BackendApplication.class]
09:10:36.408 [Test worker] INFO org.springframework.boot.test.context.SpringBootTestContextBootstrapper - Found @SpringBootConfiguration com.bachelor.backend.BackendApplication for test class com.bachelor.backend.BackendApplicationTests
09:10:36.481 [Test worker] DEBUG org.springframework.boot.test.context.SpringBootTestContextBootstrapper - @TestExecutionListeners is not present for class [com.bachelor.backend.BackendApplicationTests]: using defaults.
09:10:36.482 [Test worker] INFO org.springframework.boot.test.context.SpringBootTestContextBootstrapper - Loaded default TestExecutionListener class names from location [META-INF/spring.factories]: [org.springframework.security.test.context.support.WithSecurityContextTestExecutionListener, org.springframework.security.test.context.support.ReactorContextTestExecutionListener, org.springframework.boot.test.autoconfigure.restdocs.RestDocsTestExecutionListener, org.springframework.boot.test.autoconfigure.web.client.MockRestServiceServerResetTestExecutionListener, org.springframework.boot.test.autoconfigure.web.servlet.MockMvcPrintOnlyOnFailureTestExecutionListener, org.springframework.boot.test.autoconfigure.web.servlet.WebDriverTestExecutionListener, org.springframework.boot.test.autoconfigure.webservices.client.MockWebServiceServerTestExecutionListener, org.springframework.boot.test.mock.mockito.MockitoTestExecutionListener, org.springframework.boot.test.mock.mockito.ResetMocksTestExecutionListener, org.springframework.test.context.web.ServletTestExecutionListener, org.springframework.test.context.support.DirtiesContextBeforeModesTestExecutionListener, org.springframework.test.context.event.ApplicationEventsTestExecutionListener, org.springframework.test.context.support.DependencyInjectionTestExecutionListener, org.springframework.test.context.support.DirtiesContextTestExecutionListener, org.springframework.test.context.transaction.TransactionalTestExecutionListener, org.springframework.test.context.jdbc.SqlScriptsTestExecutionListener, org.springframework.test.context.event.EventPublishingTestExecutionListener]
09:10:36.500 [Test worker] INFO org.springframework.boot.test.context.SpringBootTestContextBootstrapper - Using TestExecutionListeners: [org.springframework.test.context.web.ServletTestExecutionListener@3af17be2, org.springframework.test.context.support.DirtiesContextBeforeModesTestExecutionListener@f9879ac, org.springframework.test.context.event.ApplicationEventsTestExecutionListener@37f21974, org.springframework.boot.test.mock.mockito.MockitoTestExecutionListener@5f4d427e, org.springframework.boot.test.autoconfigure.SpringBootDependencyInjectionTestExecutionListener@6e521c1e, org.springframework.test.context.support.DirtiesContextTestExecutionListener@224b4d61, org.springframework.test.context.transaction.TransactionalTestExecutionListener@5d5d9e5, org.springframework.test.context.jdbc.SqlScriptsTestExecutionListener@303e3593, org.springframework.security.test.context.support.WithSecurityContextTestExecutionListener@4ef27d66, org.springframework.test.context.event.EventPublishingTestExecutionListener@362a019c, org.springframework.security.test.context.support.ReactorContextTestExecutionListener@1d9bec4d, org.springframework.boot.test.autoconfigure.restdocs.RestDocsTestExecutionListener@5c48c0c0, org.springframework.boot.test.autoconfigure.web.client.MockRestServiceServerResetTestExecutionListener@10c8f62, org.springframework.boot.test.autoconfigure.web.servlet.MockMvcPrintOnlyOnFailureTestExecutionListener@674c583e, org.springframework.boot.test.autoconfigure.web.servlet.WebDriverTestExecutionListener@25f7391e, org.springframework.boot.test.autoconfigure.webservices.client.MockWebServiceServerTestExecutionListener@3f23a3a0, org.springframework.boot.test.mock.mockito.ResetMocksTestExecutionListener@5ab14cb9]
09:10:36.502 [Test worker] DEBUG org.springframework.test.context.support.AbstractDirtiesContextTestExecutionListener - Before test class: context [DefaultTestContext@2f162cc0 testClass = BackendApplicationTests, testInstance = [null], testMethod = [null], testException = [null], mergedContextConfiguration = [WebMergedContextConfiguration@5df417a7 testClass = BackendApplicationTests, locations = '{}', classes = '{class com.bachelor.backend.BackendApplication}', contextInitializerClasses = '[]', activeProfiles = '{}', propertySourceLocations = '{}', propertySourceProperties = '{org.springframework.boot.test.context.SpringBootTestContextBootstrapper=true}', contextCustomizers = set[org.springframework.boot.test.autoconfigure.actuate.metrics.MetricsExportContextCustomizerFactory$DisableMetricExportContextCustomizer@5629510, org.springframework.boot.test.autoconfigure.properties.PropertyMappingContextCustomizer@0, org.springframework.boot.test.autoconfigure.web.servlet.WebDriverContextCustomizerFactory$Customizer@93cf163, org.springframework.boot.test.context.filter.ExcludeFilterContextCustomizer@25bfcafd, org.springframework.boot.test.json.DuplicateJsonObjectContextCustomizerFactory$DuplicateJsonObjectContextCustomizer@2a76840c, org.springframework.boot.test.mock.mockito.MockitoContextCustomizer@0, org.springframework.boot.test.web.client.TestRestTemplateContextCustomizer@3ed242a4, org.springframework.boot.test.context.SpringBootTestArgs@1, org.springframework.boot.test.context.SpringBootTestWebEnvironment@10d307f1], resourceBasePath = 'src/main/webapp', contextLoader = 'org.springframework.boot.test.context.SpringBootContextLoader', parent = [null]], attributes = map['org.springframework.test.context.web.ServletTestExecutionListener.activateListener' -> true]], class annotated with @DirtiesContext [false] with mode [null].
2022-05-11 09:10:36.675  INFO 13036 --- [    Test worker] o.s.nativex.NativeListener               : AOT mode disabled

  .   ____          _            __ _ _
 /\\ / ___'_ __ _ _(_)_ __  __ _ \ \ \ \
( ( )\___ | '_ | '_| | '_ \/ _` | \ \ \ \
 \\/  ___)| |_)| | | | | || (_| |  ) ) ) )
  '  |____| .__|_| |_|_| |_\__, | / / / /
 =========|_|==============|___/=/_/_/_/
 :: Spring Boot ::                (v2.6.6)

2022-05-11 09:10:36.717  INFO 13036 --- [    Test worker] c.b.backend.BackendApplicationTests      : Starting BackendApplicationTests using Java 17.0.1 on LAPTOP-QVC60LIH with PID 13036 (started by lotro in C:\Users\lotro\Documents\VGTU\BD\backend)
2022-05-11 09:10:36.717  INFO 13036 --- [    Test worker] c.b.backend.BackendApplicationTests      : No active profile set, falling back to 1 default profile: "default"
2022-05-11 09:10:38.030  INFO 13036 --- [    Test worker] o.s.s.web.DefaultSecurityFilterChain     : Will not secure any request
2022-05-11 09:10:38.700  INFO 13036 --- [    Test worker] o.f.c.internal.license.VersionPrinter    : Flyway Community Edition 8.5.7 by Redgate
2022-05-11 09:10:38.700  INFO 13036 --- [    Test worker] o.f.c.internal.license.VersionPrinter    : See what's new here: https://flywaydb.org/documentation/learnmore/releaseNotes#8.5.7
2022-05-11 09:10:38.700  INFO 13036 --- [    Test worker] o.f.c.internal.license.VersionPrinter    : 
2022-05-11 09:10:38.712  INFO 13036 --- [    Test worker] com.zaxxer.hikari.HikariDataSource       : HikariPool-1 - Starting...
2022-05-11 09:10:38.908  INFO 13036 --- [    Test worker] com.zaxxer.hikari.HikariDataSource       : HikariPool-1 - Start completed.
2022-05-11 09:10:38.919  INFO 13036 --- [    Test worker] o.f.c.i.database.base.BaseDatabaseType   : Database: jdbc:h2:mem:e11cd0a7-b2d5-40b4-9eb5-92e8bcb84065 (H2 2.1)
2022-05-11 09:10:38.957  INFO 13036 --- [    Test worker] o.f.core.internal.command.DbValidate     : Successfully validated 0 migrations (execution time 00:00.003s)
2022-05-11 09:10:38.957  WARN 13036 --- [    Test worker] o.f.core.internal.command.DbValidate     : No migrations found. Are your locations set up correctly?
2022-05-11 09:10:38.964  INFO 13036 --- [    Test worker] o.f.c.i.s.JdbcTableSchemaHistory         : Creating Schema History table "PUBLIC"."flyway_schema_history" ...
2022-05-11 09:10:38.989  INFO 13036 --- [    Test worker] o.f.core.internal.command.DbMigrate      : Current version of schema "PUBLIC": << Empty Schema >>
2022-05-11 09:10:38.990  INFO 13036 --- [    Test worker] o.f.core.internal.command.DbMigrate      : Schema "PUBLIC" is up to date. No migration necessary.
2022-05-11 09:10:39.560  INFO 13036 --- [    Test worker] org.quartz.impl.StdSchedulerFactory      : Using default implementation for ThreadExecutor
2022-05-11 09:10:39.575  INFO 13036 --- [    Test worker] org.quartz.core.SchedulerSignalerImpl    : Initialized Scheduler Signaller of type: class org.quartz.core.SchedulerSignalerImpl
2022-05-11 09:10:39.575  INFO 13036 --- [    Test worker] org.quartz.core.QuartzScheduler          : Quartz Scheduler v.2.3.2 created.
2022-05-11 09:10:39.576  INFO 13036 --- [    Test worker] org.quartz.simpl.RAMJobStore             : RAMJobStore initialized.
2022-05-11 09:10:39.577  INFO 13036 --- [    Test worker] org.quartz.core.QuartzScheduler          : Scheduler meta-data: Quartz Scheduler (v2.3.2) 'quartzScheduler' with instanceId 'NON_CLUSTERED'
  Scheduler class: 'org.quartz.core.QuartzScheduler' - running locally.
  NOT STARTED.
  Currently in standby mode.
  Number of jobs executed: 0
  Using thread pool 'org.quartz.simpl.SimpleThreadPool' - with 10 threads.
  Using job-store 'org.quartz.simpl.RAMJobStore' - which does not support persistence. and is not clustered.

2022-05-11 09:10:39.577  INFO 13036 --- [    Test worker] org.quartz.impl.StdSchedulerFactory      : Quartz scheduler 'quartzScheduler' initialized from an externally provided properties instance.
2022-05-11 09:10:39.577  INFO 13036 --- [    Test worker] org.quartz.impl.StdSchedulerFactory      : Quartz scheduler version: 2.3.2
2022-05-11 09:10:39.578  INFO 13036 --- [    Test worker] org.quartz.core.QuartzScheduler          : JobFactory set to: org.springframework.scheduling.quartz.SpringBeanJobFactory@4cadd4d4
2022-05-11 09:10:39.701  INFO 13036 --- [    Test worker] o.s.s.quartz.SchedulerFactoryBean        : Starting Quartz Scheduler now
2022-05-11 09:10:39.702  INFO 13036 --- [    Test worker] org.quartz.core.QuartzScheduler          : Scheduler quartzScheduler_$_NON_CLUSTERED started.
2022-05-11 09:10:39.714  INFO 13036 --- [    Test worker] s.a.ScheduledAnnotationBeanPostProcessor : No TaskScheduler/ScheduledExecutorService bean found for scheduled processing
2022-05-11 09:10:39.723  INFO 13036 --- [    Test worker] c.b.backend.BackendApplicationTests      : Started BackendApplicationTests in 3.19 seconds (JVM running for 4.1)
]]></system-out>
  <system-err><![CDATA[]]></system-err>
</testsuite>
