<?xml version="1.0" encoding="UTF-8"?>
<testsuite name="com.bachelor.backend.domain.GroupServiceTest" tests="8" skipped="0" failures="0" errors="0" timestamp="2022-05-11T06:10:42" hostname="LAPTOP-QVC60LIH" time="0.029">
  <properties/>
  <testcase name="user_should_be_able_to_join_public_group()" classname="com.bachelor.backend.domain.GroupServiceTest" time="0.004"/>
  <testcase name="private_group_founder_should_be_able_to_decline_join_request()" classname="com.bachelor.backend.domain.GroupServiceTest" time="0.002"/>
  <testcase name="private_group_founder_should_be_able_to_approve_join_request()" classname="com.bachelor.backend.domain.GroupServiceTest" time="0.002"/>
  <testcase name="user_should_be_able_to_create_group()" classname="com.bachelor.backend.domain.GroupServiceTest" time="0.003"/>
  <testcase name="user_should_be_able_to_request_join_the_private_group()" classname="com.bachelor.backend.domain.GroupServiceTest" time="0.003"/>
  <testcase name="group_member_should_be_able_to_get_list_of_active_group_challenges()" classname="com.bachelor.backend.domain.GroupServiceTest" time="0.004"/>
  <testcase name="challenge_should_be_able_to_be_finished()" classname="com.bachelor.backend.domain.GroupServiceTest" time="0.004"/>
  <testcase name="after_challenge_was_finished_users_score_should_be_changed_in_group()" classname="com.bachelor.backend.domain.GroupServiceTest" time="0.003"/>
  <system-out><![CDATA[2022-05-11 09:10:42.448  INFO 13036 --- [    Test worker] .b.t.c.SpringBootTestContextBootstrapper : Neither @ContextConfiguration nor @ContextHierarchy found for test class [com.bachelor.backend.domain.GroupServiceTest], using SpringBootContextLoader
2022-05-11 09:10:42.448  INFO 13036 --- [    Test worker] o.s.t.c.support.AbstractContextLoader    : Could not detect default resource locations for test class [com.bachelor.backend.domain.GroupServiceTest]: no resource found for suffixes {-context.xml, Context.groovy}.
2022-05-11 09:10:42.448  INFO 13036 --- [    Test worker] t.c.s.AnnotationConfigContextLoaderUtils : Could not detect default configuration classes for test class [com.bachelor.backend.domain.GroupServiceTest]: GroupServiceTest does not declare any static, non-private, non-final, nested classes annotated with @Configuration.
2022-05-11 09:10:42.449  INFO 13036 --- [    Test worker] .b.t.c.SpringBootTestContextBootstrapper : Found @SpringBootConfiguration com.bachelor.backend.BackendApplication for test class com.bachelor.backend.domain.GroupServiceTest
2022-05-11 09:10:42.450  INFO 13036 --- [    Test worker] .b.t.c.SpringBootTestContextBootstrapper : Loaded default TestExecutionListener class names from location [META-INF/spring.factories]: [org.springframework.security.test.context.support.WithSecurityContextTestExecutionListener, org.springframework.security.test.context.support.ReactorContextTestExecutionListener, org.springframework.boot.test.autoconfigure.restdocs.RestDocsTestExecutionListener, org.springframework.boot.test.autoconfigure.web.client.MockRestServiceServerResetTestExecutionListener, org.springframework.boot.test.autoconfigure.web.servlet.MockMvcPrintOnlyOnFailureTestExecutionListener, org.springframework.boot.test.autoconfigure.web.servlet.WebDriverTestExecutionListener, org.springframework.boot.test.autoconfigure.webservices.client.MockWebServiceServerTestExecutionListener, org.springframework.boot.test.mock.mockito.MockitoTestExecutionListener, org.springframework.boot.test.mock.mockito.ResetMocksTestExecutionListener, org.springframework.test.context.web.ServletTestExecutionListener, org.springframework.test.context.support.DirtiesContextBeforeModesTestExecutionListener, org.springframework.test.context.event.ApplicationEventsTestExecutionListener, org.springframework.test.context.support.DependencyInjectionTestExecutionListener, org.springframework.test.context.support.DirtiesContextTestExecutionListener, org.springframework.test.context.transaction.TransactionalTestExecutionListener, org.springframework.test.context.jdbc.SqlScriptsTestExecutionListener, org.springframework.test.context.event.EventPublishingTestExecutionListener]
2022-05-11 09:10:42.450  INFO 13036 --- [    Test worker] .b.t.c.SpringBootTestContextBootstrapper : Using TestExecutionListeners: [org.springframework.test.context.web.ServletTestExecutionListener@4f6a5cc9, org.springframework.test.context.support.DirtiesContextBeforeModesTestExecutionListener@5d24703e, org.springframework.test.context.event.ApplicationEventsTestExecutionListener@4ef10d3b, org.springframework.boot.test.mock.mockito.MockitoTestExecutionListener@749ffdc7, org.springframework.boot.test.autoconfigure.SpringBootDependencyInjectionTestExecutionListener@690e7b89, org.springframework.test.context.support.DirtiesContextTestExecutionListener@17554316, org.springframework.test.context.transaction.TransactionalTestExecutionListener@518b0c12, org.springframework.test.context.jdbc.SqlScriptsTestExecutionListener@5af1b221, org.springframework.security.test.context.support.WithSecurityContextTestExecutionListener@40b958c5, org.springframework.test.context.event.EventPublishingTestExecutionListener@7d49fe37, org.springframework.security.test.context.support.ReactorContextTestExecutionListener@74ab8610, org.springframework.boot.test.autoconfigure.restdocs.RestDocsTestExecutionListener@231c521e, org.springframework.boot.test.autoconfigure.web.client.MockRestServiceServerResetTestExecutionListener@296949c8, org.springframework.boot.test.autoconfigure.web.servlet.MockMvcPrintOnlyOnFailureTestExecutionListener@1be3a294, org.springframework.boot.test.autoconfigure.web.servlet.WebDriverTestExecutionListener@33502cfe, org.springframework.boot.test.autoconfigure.webservices.client.MockWebServiceServerTestExecutionListener@729d1428, org.springframework.boot.test.mock.mockito.ResetMocksTestExecutionListener@115924ba]
]]></system-out>
  <system-err><![CDATA[]]></system-err>
</testsuite>
