<?xml version="1.0" encoding="UTF-8"?>
<testsuite name="com.bachelor.backend.domain.AuthenticationServiceTest" tests="4" skipped="0" failures="0" errors="0" timestamp="2022-05-11T06:10:42" hostname="LAPTOP-QVC60LIH" time="0.019">
  <properties/>
  <testcase name="it_should_be_possible_to_create_register_a_new_user()" classname="com.bachelor.backend.domain.AuthenticationServiceTest" time="0.004"/>
  <testcase name="after_new_user_was_registered_new_token_should_appear()" classname="com.bachelor.backend.domain.AuthenticationServiceTest" time="0.005"/>
  <testcase name="after_existing_token_was_entered_it_Should_be_deleted()" classname="com.bachelor.backend.domain.AuthenticationServiceTest" time="0.004"/>
  <testcase name="after_correct_user_token_was_entered_user_should_become_validated()" classname="com.bachelor.backend.domain.AuthenticationServiceTest" time="0.004"/>
  <system-out><![CDATA[2022-05-11 09:10:42.341  INFO 13036 --- [    Test worker] .b.t.c.SpringBootTestContextBootstrapper : Neither @ContextConfiguration nor @ContextHierarchy found for test class [com.bachelor.backend.domain.AuthenticationServiceTest], using SpringBootContextLoader
2022-05-11 09:10:42.343  INFO 13036 --- [    Test worker] o.s.t.c.support.AbstractContextLoader    : Could not detect default resource locations for test class [com.bachelor.backend.domain.AuthenticationServiceTest]: no resource found for suffixes {-context.xml, Context.groovy}.
2022-05-11 09:10:42.343  INFO 13036 --- [    Test worker] t.c.s.AnnotationConfigContextLoaderUtils : Could not detect default configuration classes for test class [com.bachelor.backend.domain.AuthenticationServiceTest]: AuthenticationServiceTest does not declare any static, non-private, non-final, nested classes annotated with @Configuration.
2022-05-11 09:10:42.353  INFO 13036 --- [    Test worker] .b.t.c.SpringBootTestContextBootstrapper : Found @SpringBootConfiguration com.bachelor.backend.BackendApplication for test class com.bachelor.backend.domain.AuthenticationServiceTest
2022-05-11 09:10:42.354  INFO 13036 --- [    Test worker] .b.t.c.SpringBootTestContextBootstrapper : Loaded default TestExecutionListener class names from location [META-INF/spring.factories]: [org.springframework.security.test.context.support.WithSecurityContextTestExecutionListener, org.springframework.security.test.context.support.ReactorContextTestExecutionListener, org.springframework.boot.test.autoconfigure.restdocs.RestDocsTestExecutionListener, org.springframework.boot.test.autoconfigure.web.client.MockRestServiceServerResetTestExecutionListener, org.springframework.boot.test.autoconfigure.web.servlet.MockMvcPrintOnlyOnFailureTestExecutionListener, org.springframework.boot.test.autoconfigure.web.servlet.WebDriverTestExecutionListener, org.springframework.boot.test.autoconfigure.webservices.client.MockWebServiceServerTestExecutionListener, org.springframework.boot.test.mock.mockito.MockitoTestExecutionListener, org.springframework.boot.test.mock.mockito.ResetMocksTestExecutionListener, org.springframework.test.context.web.ServletTestExecutionListener, org.springframework.test.context.support.DirtiesContextBeforeModesTestExecutionListener, org.springframework.test.context.event.ApplicationEventsTestExecutionListener, org.springframework.test.context.support.DependencyInjectionTestExecutionListener, org.springframework.test.context.support.DirtiesContextTestExecutionListener, org.springframework.test.context.transaction.TransactionalTestExecutionListener, org.springframework.test.context.jdbc.SqlScriptsTestExecutionListener, org.springframework.test.context.event.EventPublishingTestExecutionListener]
2022-05-11 09:10:42.355  INFO 13036 --- [    Test worker] .b.t.c.SpringBootTestContextBootstrapper : Using TestExecutionListeners: [org.springframework.test.context.web.ServletTestExecutionListener@1443539, org.springframework.test.context.support.DirtiesContextBeforeModesTestExecutionListener@5b160208, org.springframework.test.context.event.ApplicationEventsTestExecutionListener@237bdbcb, org.springframework.boot.test.mock.mockito.MockitoTestExecutionListener@16a15261, org.springframework.boot.test.autoconfigure.SpringBootDependencyInjectionTestExecutionListener@36ec4071, org.springframework.test.context.support.DirtiesContextTestExecutionListener@5d8112e6, org.springframework.test.context.transaction.TransactionalTestExecutionListener@20d92f1e, org.springframework.test.context.jdbc.SqlScriptsTestExecutionListener@3cf7433e, org.springframework.security.test.context.support.WithSecurityContextTestExecutionListener@68cc6319, org.springframework.test.context.event.EventPublishingTestExecutionListener@3d0f4ac4, org.springframework.security.test.context.support.ReactorContextTestExecutionListener@544733a4, org.springframework.boot.test.autoconfigure.restdocs.RestDocsTestExecutionListener@522f74a1, org.springframework.boot.test.autoconfigure.web.client.MockRestServiceServerResetTestExecutionListener@59700156, org.springframework.boot.test.autoconfigure.web.servlet.MockMvcPrintOnlyOnFailureTestExecutionListener@1e6e29d6, org.springframework.boot.test.autoconfigure.web.servlet.WebDriverTestExecutionListener@7359f3ac, org.springframework.boot.test.autoconfigure.webservices.client.MockWebServiceServerTestExecutionListener@5afa0b1a, org.springframework.boot.test.mock.mockito.ResetMocksTestExecutionListener@3d9cba2]
2022-05-11 09:10:42.360  INFO 13036 --- [    Test worker] c.b.b.d.a.AuthenticationService          : New user mock@mock.mock registered, with token: SomeToken
2022-05-11 09:10:42.365  INFO 13036 --- [    Test worker] c.b.b.d.a.AuthenticationService          : New user mock@mock.mock registered, with token: SomeToken
]]></system-out>
  <system-err><![CDATA[]]></system-err>
</testsuite>
