<?xml version="1.0" encoding="UTF-8"?>
<testsuite name="com.bachelor.backend.domain.ChallengeServiceTest" tests="8" skipped="0" failures="0" errors="0" timestamp="2022-05-11T06:10:42" hostname="LAPTOP-QVC60LIH" time="0.033">
  <properties/>
  <testcase name="user_should_be_able_to_post_task_completion_in_challenge()" classname="com.bachelor.backend.domain.ChallengeServiceTest" time="0.004"/>
  <testcase name="challenge_should_be_able_to_be_started()" classname="com.bachelor.backend.domain.ChallengeServiceTest" time="0.004"/>
  <testcase name="challenge_creator_should_be_able_to_start_challenges()" classname="com.bachelor.backend.domain.ChallengeServiceTest" time="0.004"/>
  <testcase name="challenge_founder_should_be_able_to_close_challenge()" classname="com.bachelor.backend.domain.ChallengeServiceTest" time="0.003"/>
  <testcase name="group_member_should_be_able_to_join_active_group_challenge()" classname="com.bachelor.backend.domain.ChallengeServiceTest" time="0.003"/>
  <testcase name="user_should_be_able_to_create_post_in_challenge()" classname="com.bachelor.backend.domain.ChallengeServiceTest" time="0.003"/>
  <testcase name="after_user_completed_a_task_in_challenge_he_should_receive_points_in_challenge()" classname="com.bachelor.backend.domain.ChallengeServiceTest" time="0.003"/>
  <testcase name="group_member_should_be_able_to_leave_challenge()" classname="com.bachelor.backend.domain.ChallengeServiceTest" time="0.005"/>
  <system-out><![CDATA[2022-05-11 09:10:42.378  INFO 13036 --- [    Test worker] .b.t.c.SpringBootTestContextBootstrapper : Neither @ContextConfiguration nor @ContextHierarchy found for test class [com.bachelor.backend.domain.ChallengeServiceTest], using SpringBootContextLoader
2022-05-11 09:10:42.379  INFO 13036 --- [    Test worker] o.s.t.c.support.AbstractContextLoader    : Could not detect default resource locations for test class [com.bachelor.backend.domain.ChallengeServiceTest]: no resource found for suffixes {-context.xml, Context.groovy}.
2022-05-11 09:10:42.379  INFO 13036 --- [    Test worker] t.c.s.AnnotationConfigContextLoaderUtils : Could not detect default configuration classes for test class [com.bachelor.backend.domain.ChallengeServiceTest]: ChallengeServiceTest does not declare any static, non-private, non-final, nested classes annotated with @Configuration.
2022-05-11 09:10:42.380  INFO 13036 --- [    Test worker] .b.t.c.SpringBootTestContextBootstrapper : Found @SpringBootConfiguration com.bachelor.backend.BackendApplication for test class com.bachelor.backend.domain.ChallengeServiceTest
2022-05-11 09:10:42.381  INFO 13036 --- [    Test worker] .b.t.c.SpringBootTestContextBootstrapper : Loaded default TestExecutionListener class names from location [META-INF/spring.factories]: [org.springframework.security.test.context.support.WithSecurityContextTestExecutionListener, org.springframework.security.test.context.support.ReactorContextTestExecutionListener, org.springframework.boot.test.autoconfigure.restdocs.RestDocsTestExecutionListener, org.springframework.boot.test.autoconfigure.web.client.MockRestServiceServerResetTestExecutionListener, org.springframework.boot.test.autoconfigure.web.servlet.MockMvcPrintOnlyOnFailureTestExecutionListener, org.springframework.boot.test.autoconfigure.web.servlet.WebDriverTestExecutionListener, org.springframework.boot.test.autoconfigure.webservices.client.MockWebServiceServerTestExecutionListener, org.springframework.boot.test.mock.mockito.MockitoTestExecutionListener, org.springframework.boot.test.mock.mockito.ResetMocksTestExecutionListener, org.springframework.test.context.web.ServletTestExecutionListener, org.springframework.test.context.support.DirtiesContextBeforeModesTestExecutionListener, org.springframework.test.context.event.ApplicationEventsTestExecutionListener, org.springframework.test.context.support.DependencyInjectionTestExecutionListener, org.springframework.test.context.support.DirtiesContextTestExecutionListener, org.springframework.test.context.transaction.TransactionalTestExecutionListener, org.springframework.test.context.jdbc.SqlScriptsTestExecutionListener, org.springframework.test.context.event.EventPublishingTestExecutionListener]
2022-05-11 09:10:42.382  INFO 13036 --- [    Test worker] .b.t.c.SpringBootTestContextBootstrapper : Using TestExecutionListeners: [org.springframework.test.context.web.ServletTestExecutionListener@6eb332d1, org.springframework.test.context.support.DirtiesContextBeforeModesTestExecutionListener@34d0c331, org.springframework.test.context.event.ApplicationEventsTestExecutionListener@3958db82, org.springframework.boot.test.mock.mockito.MockitoTestExecutionListener@577f81a0, org.springframework.boot.test.autoconfigure.SpringBootDependencyInjectionTestExecutionListener@202d1424, org.springframework.test.context.support.DirtiesContextTestExecutionListener@1256925b, org.springframework.test.context.transaction.TransactionalTestExecutionListener@6dadcf58, org.springframework.test.context.jdbc.SqlScriptsTestExecutionListener@467421cc, org.springframework.security.test.context.support.WithSecurityContextTestExecutionListener@eb09112, org.springframework.test.context.event.EventPublishingTestExecutionListener@28521ed5, org.springframework.security.test.context.support.ReactorContextTestExecutionListener@2b06c388, org.springframework.boot.test.autoconfigure.restdocs.RestDocsTestExecutionListener@4c9bed65, org.springframework.boot.test.autoconfigure.web.client.MockRestServiceServerResetTestExecutionListener@4629dde5, org.springframework.boot.test.autoconfigure.web.servlet.MockMvcPrintOnlyOnFailureTestExecutionListener@7e35d743, org.springframework.boot.test.autoconfigure.web.servlet.WebDriverTestExecutionListener@63b2418e, org.springframework.boot.test.autoconfigure.webservices.client.MockWebServiceServerTestExecutionListener@70d16858, org.springframework.boot.test.mock.mockito.ResetMocksTestExecutionListener@789f5552]
]]></system-out>
  <system-err><![CDATA[]]></system-err>
</testsuite>
